TN:
SF:src\router.ts
FN:21,(anonymous_0)
FN:31,(anonymous_1)
FNF:2
FNH:2
FNDA:3,(anonymous_0)
FNDA:3,(anonymous_1)
DA:1,2
DA:2,2
DA:3,2
DA:4,2
DA:6,2
DA:9,2
DA:10,2
DA:15,2
DA:21,3
DA:26,2
DA:31,3
DA:37,2
DA:42,2
DA:50,2
LF:14
LH:14
BRF:0
BRH:0
end_of_record
TN:
SF:src\server.ts
FN:7,connectDB
FN:27,(anonymous_2)
FNF:2
FNH:2
FNDA:2,connectDB
FNDA:1,(anonymous_2)
DA:1,2
DA:2,2
DA:3,2
DA:4,2
DA:8,2
DA:9,2
DA:10,1
DA:14,0
DA:17,2
DA:20,2
DA:23,2
DA:25,2
DA:27,2
DA:28,1
DA:31,2
LF:15
LH:14
BRF:0
BRH:0
end_of_record
TN:
SF:src\config\db.ts
FNF:0
FNH:0
DA:1,2
DA:2,2
DA:3,2
DA:5,2
DA:10,2
LF:5
LH:5
BRF:0
BRH:0
end_of_record
TN:
SF:src\handlers\product.ts
FN:4,(anonymous_1)
FN:21,(anonymous_2)
FN:38,(anonymous_3)
FN:47,(anonymous_4)
FN:65,(anonymous_5)
FN:83,(anonymous_6)
FNF:6
FNH:5
FNDA:2,(anonymous_1)
FNDA:2,(anonymous_2)
FNDA:1,(anonymous_3)
FNDA:2,(anonymous_4)
FNDA:0,(anonymous_5)
FNDA:2,(anonymous_6)
DA:2,2
DA:4,2
DA:5,2
DA:6,2
DA:7,2
DA:8,2
DA:9,1
DA:12,1
DA:14,1
DA:16,0
DA:21,2
DA:22,2
DA:23,2
DA:32,2
DA:34,0
DA:38,2
DA:39,1
DA:40,1
DA:41,1
DA:43,0
DA:47,2
DA:48,2
DA:49,2
DA:51,2
DA:52,0
DA:55,0
DA:59,2
DA:60,2
DA:62,2
DA:65,2
DA:66,0
DA:67,0
DA:69,0
DA:70,0
DA:73,0
DA:77,0
DA:78,0
DA:80,0
DA:83,2
DA:84,2
DA:85,2
DA:87,2
DA:88,1
DA:91,1
DA:93,1
DA:94,1
LF:46
LH:33
BRDA:8,0,0,1
BRDA:51,1,0,0
BRDA:69,2,0,0
BRDA:87,3,0,1
BRF:4
BRH:2
end_of_record
TN:
SF:src\middleware\index.ts
FN:4,(anonymous_0)
FNF:1
FNH:1
FNDA:12,(anonymous_0)
DA:2,2
DA:4,2
DA:5,12
DA:6,12
DA:7,5
DA:8,5
DA:10,7
DA:11,7
LF:8
LH:8
BRDA:6,0,0,5
BRF:1
BRH:1
end_of_record
TN:
SF:src\models\product.model.ts
FNF:0
FNH:0
DA:1,2
DA:7,2
DA:11,2
DA:15,2
DA:20,2
DA:23,2
LF:6
LH:6
BRF:0
BRH:0
end_of_record
